This is XeTeX, Version 3.14159265-2.6-0.999992 (TeX Live 2020/Debian) (preloaded format=xelatex 2021.11.11)  17 DEC 2023 14:44
entering extended mode
 restricted \write18 enabled.
 file:line:error style messages enabled.
 %&-line parsing enabled.
**main.tex
(./main.tex
LaTeX2e <2020-10-01> patch level 4
L3 programming layer <2021-01-09> xparse <2020-03-03> (/usr/share/texlive/texmf-dist/tex/latex/base/article.cls
Document Class: article 2020/04/10 v1.4m Standard LaTeX document class
(/usr/share/texlive/texmf-dist/tex/latex/base/size10.clo
File: size10.clo 2020/04/10 v1.4m Standard LaTeX file (size option)
)
\c@part=\count173
\c@section=\count174
\c@subsection=\count175
\c@subsubsection=\count176
\c@paragraph=\count177
\c@subparagraph=\count178
\c@figure=\count179
\c@table=\count180
\abovecaptionskip=\skip47
\belowcaptionskip=\skip48
\bibindent=\dimen138
) (/usr/share/texlive/texmf-dist/tex/latex/graphics/graphicx.sty
Package: graphicx 2020/09/09 v1.2b Enhanced LaTeX Graphics (DPC,SPQR)
 (/usr/share/texlive/texmf-dist/tex/latex/graphics/keyval.sty
Package: keyval 2014/10/28 v1.15 key=value parser (DPC)
\KV@toks@=\toks15
) (/usr/share/texlive/texmf-dist/tex/latex/graphics/graphics.sty
Package: graphics 2020/08/30 v1.4c Standard LaTeX Graphics (DPC,SPQR)
 (/usr/share/texlive/texmf-dist/tex/latex/graphics/trig.sty
Package: trig 2016/01/03 v1.10 sin cos tan (DPC)
) (/usr/share/texlive/texmf-dist/tex/latex/graphics-cfg/graphics.cfg
File: graphics.cfg 2016/06/04 v1.11 sample graphics configuration
)
Package graphics Info: Driver file: xetex.def on input line 105.
 (/usr/share/texlive/texmf-dist/tex/latex/graphics-def/xetex.def
File: xetex.def 2020/08/26 v5.0i Graphics/color driver for xetex
))
\Gin@req@height=\dimen139
\Gin@req@width=\dimen140
) (/usr/share/texlive/texmf-dist/tex/latex/graphics/color.sty
Package: color 2020/02/24 v1.2b Standard LaTeX Color (DPC)
 (/usr/share/texlive/texmf-dist/tex/latex/graphics-cfg/color.cfg
File: color.cfg 2016/01/02 v1.6 sample color configuration
)
Package color Info: Driver file: xetex.def on input line 147.
) (/usr/share/texlive/texmf-dist/tex/latex/l3backend/l3backend-xetex.def
File: l3backend-xetex.def 2020-01-29 L3 backend support: XeTeX
 (|extractbb --version)
\c__kernel_sys_dvipdfmx_version_int=\count181
\l__color_backend_stack_int=\count182
\g__graphics_track_int=\count183
\l__pdf_internal_box=\box47
\g__pdf_backend_object_int=\count184
\g__pdf_backend_annotation_int=\count185
\g__pdf_backend_link_int=\count186
) (./main.aux)
\openout1 = `main.aux'.

LaTeX Font Info:    Checking defaults for OML/cmm/m/it on input line 13.
LaTeX Font Info:    ... okay on input line 13.
LaTeX Font Info:    Checking defaults for OMS/cmsy/m/n on input line 13.
LaTeX Font Info:    ... okay on input line 13.
LaTeX Font Info:    Checking defaults for OT1/cmr/m/n on input line 13.
LaTeX Font Info:    ... okay on input line 13.
LaTeX Font Info:    Checking defaults for T1/cmr/m/n on input line 13.
LaTeX Font Info:    ... okay on input line 13.
LaTeX Font Info:    Checking defaults for TS1/cmr/m/n on input line 13.
LaTeX Font Info:    Trying to load font information for TS1+cmr on input line 13.
 (/usr/share/texlive/texmf-dist/tex/latex/base/ts1cmr.fd
File: ts1cmr.fd 2019/12/16 v2.5j Standard LaTeX font definitions
)
LaTeX Font Info:    ... okay on input line 13.
LaTeX Font Info:    Checking defaults for TU/lmr/m/n on input line 13.
LaTeX Font Info:    ... okay on input line 13.
LaTeX Font Info:    Checking defaults for OMX/cmex/m/n on input line 13.
LaTeX Font Info:    ... okay on input line 13.
LaTeX Font Info:    Checking defaults for U/cmr/m/n on input line 13.
LaTeX Font Info:    ... okay on input line 13.

Underfull \hbox (badness 4060) in paragraph at lines 24--25
[]\TU/lmr/m/n/10 PROBLEM 2-2:CHOLESKY DECOMPOSITION SOLVE LINEAR
 []

LaTeX Font Info:    External font `cmex10' loaded for size
(Font)              <7> on input line 33.
LaTeX Font Info:    External font `cmex10' loaded for size
(Font)              <5> on input line 33.
[1

]
Overfull \hbox (22.5pt too wide) in paragraph at lines 88--88
[]\TU/lmtt/m/n/10 disp(["ANSWER 1-3:========================================",ans_1_3]);[] 
 []


Overfull \hbox (22.5pt too wide) in paragraph at lines 92--92
[]    \TU/lmtt/m/n/10 "ANSWER 1-3:========================================"    "51.0128" 
 []


Overfull \hbox (38.25pt too wide) in paragraph at lines 108--108
[]\TU/lmtt/m/n/10 A_mat_2_1=[31,-13,0,0,0,-10,0,0,0;-13,35,-9,0,-11,0,0,0,0;0,-9,31,-10,...[] 
 []


Overfull \hbox (48.75pt too wide) in paragraph at lines 108--108
[]    \TU/lmtt/m/n/10 0,0,0,0,0;0,0,-10,79,-30,0,0,0,-9;0,0,0,-30,57,-7,0,-5,0;0,0,0,0,-7,...[] 
 []


Overfull \hbox (48.75pt too wide) in paragraph at lines 108--108
[]    \TU/lmtt/m/n/10 47,-30,0,0;0,0,0,0,0,-30,41,0,0;0,0,0,0,-5,0,0,27,-2;0,0,0,-9,0,0,0,...[] 
 []


Overfull \hbox (1.5pt too wide) in paragraph at lines 108--108
[]\TU/lmtt/m/n/10 disp("ANSWER 2-1:==============================================");[] 
 []

[2]
Missing character: There is no 列 in font [lmmono10-regular]:!
Missing character: There is no 至 in font [lmmono10-regular]:!
Missing character: There is no 列 in font [lmmono10-regular]:!
Missing character: There is no 至 in font [lmmono10-regular]:!
Missing character: There is no 列 in font [lmmono10-regular]:!
Missing character: There is no 至 in font [lmmono10-regular]:!
Missing character: There is no 列 in font [lmmono10-regular]:!
Missing character: There is no 至 in font [lmmono10-regular]:!
 [3]
Missing character: There is no 列 in font [lmmono10-regular]:!
Missing character: There is no 至 in font [lmmono10-regular]:!
Missing character: There is no 列 in font [lmmono10-regular]:!
Missing character: There is no 至 in font [lmmono10-regular]:!

Overfull \hbox (12.0pt too wide) in paragraph at lines 198--198
[]\TU/lmtt/m/n/10 disp(["ANSWER 2-2:=======================================",ans_2_2])[] 
 []

Missing character: There is no 列 in font [lmmono10-regular]:!
Missing character: There is no 至 in font [lmmono10-regular]:!

Overfull \hbox (17.25pt too wide) in paragraph at lines 208--208
[]    \TU/lmtt/m/n/10 "ANSWER 2-2:======================================="    "14.0554"[] 
 []

[4]
Missing character: There is no 列 in font [lmmono10-regular]:!
Missing character: There is no 至 in font [lmmono10-regular]:!

Overfull \hbox (33.0pt too wide) in paragraph at lines 222--222
[]\TU/lmtt/m/n/10 disp(["ANSWER 2-4:========================================","Q:","R:"]);[] 
 []


Overfull \hbox (38.25pt too wide) in paragraph at lines 254--254
[]    \TU/lmtt/m/n/10 "ANSWER 2-4:========================================"    "Q:"    "R:" 
 []

Missing character: There is no 列 in font [lmmono10-regular]:!
Missing character: There is no 至 in font [lmmono10-regular]:!
Missing character: There is no 列 in font [lmmono10-regular]:!
Missing character: There is no 列 in font [lmmono10-regular]:!
Missing character: There is no 至 in font [lmmono10-regular]:!
Missing character: There is no 列 in font [lmmono10-regular]:!
[5]
Underfull \hbox (badness 10000) in paragraph at lines 257--257
[]\TU/lmr/bx/n/12 PROBLEM 2-7:SOLVE LINEAR EQUATION
 []


Overfull \hbox (17.25pt too wide) in paragraph at lines 271--271
[]\TU/lmtt/m/n/10 A_mat_2_7=arrayfun(f_A_2_7_cons,[10,20,30,50,100],repmat(3,[1,5]),...[] 
 []


Overfull \hbox (22.5pt too wide) in paragraph at lines 271--271
[]\TU/lmtt/m/n/10 b_mat_2_7=arrayfun(@f_b_2_7_cons,[10,20,30,50,100],repmat(2,[1,5]),...[] 
 []

[6]
Overfull \hbox (54.0pt too wide) in paragraph at lines 324--324
[]    \TU/lmtt/m/n/10 "THE WORST SITUATION ITER STEP:"    "13"    "SIMULATION NUMBER:"    "14" 
 []

File: main_01.eps Graphic file (type eps)
<main_01.eps>
[7]
Overfull \hbox (33.0pt too wide) in paragraph at lines 366--366
[]\TU/lmtt/m/n/10 [root_3_6_root,root_3_6_step]=cellfun(@nnl_newton_nle,cf_3_6,cfd_3_6,...[] 
 []

LaTeX Font Info:    External font `cmex10' loaded for size
(Font)              <12> on input line 369.
LaTeX Font Info:    External font `cmex10' loaded for size
(Font)              <8> on input line 369.
LaTeX Font Info:    External font `cmex10' loaded for size
(Font)              <6> on input line 369.
File: main_02.eps Graphic file (type eps)
<main_02.eps>
[8]
Overfull \hbox (6.75pt too wide) in paragraph at lines 396--396
[]\TU/lmtt/m/n/10 inter_4_1=cellfun(@nnl_lginter,{[-5,5],[-5,5],[-5,5]},{6,11,21},...[] 
 []

File: main_03.eps Graphic file (type eps)
<main_03.eps>
[9]
File: main_04.eps Graphic file (type eps)
<main_04.eps>
 [10]
Underfull \hbox (badness 10000) in paragraph at lines 417--417
[]\TU/lmr/bx/n/12 PROBLEM 4-6 PROXIMATTION AND RUNGE
 []


Overfull \hbox (22.5pt too wide) in paragraph at lines 428--428
[]\TU/lmtt/m/n/10 scatter(linspace(1994,2003,10),[67.052,68.008,69.803,72.024,73.400,...[] 
 []

Missing character: There is no 列 in font [lmmono10-regular]:!
Missing character: There is no 至 in font [lmmono10-regular]:!
Missing character: There is no 列 in font [lmmono10-regular]:!
Missing character: There is no 至 in font [lmmono10-regular]:!
Missing character: There is no 列 in font [lmmono10-regular]:!
Missing character: There is no 至 in font [lmmono10-regular]:!
Missing character: There is no 列 in font [lmmono10-regular]:!
Missing character: There is no 至 in font [lmmono10-regular]:!
[11]
Missing character: There is no 列 in font [lmmono10-regular]:!
Missing character: There is no 至 in font [lmmono10-regular]:!
Missing character: There is no 列 in font [lmmono10-regular]:!
Missing character: There is no 至 in font [lmmono10-regular]:!
Missing character: There is no 列 in font [lmmono10-regular]:!
Missing character: There is no 至 in font [lmmono10-regular]:!
Missing character: There is no 列 in font [lmmono10-regular]:!
Missing character: There is no 至 in font [lmmono10-regular]:!
Missing character: There is no 列 in font [lmmono10-regular]:!
Missing character: There is no 至 in font [lmmono10-regular]:!
Missing character: There is no 列 in font [lmmono10-regular]:!
Missing character: There is no 至 in font [lmmono10-regular]:!
Missing character: There is no 列 in font [lmmono10-regular]:!
Missing character: There is no 至 in font [lmmono10-regular]:!
Missing character: There is no 列 in font [lmmono10-regular]:!
Missing character: There is no 至 in font [lmmono10-regular]:!
Missing character: There is no 列 in font [lmmono10-regular]:!
Missing character: There is no 至 in font [lmmono10-regular]:!
Missing character: There is no 列 in font [lmmono10-regular]:!
Missing character: There is no 至 in font [lmmono10-regular]:!
Missing character: There is no 列 in font [lmmono10-regular]:!
Missing character: There is no 至 in font [lmmono10-regular]:!
 [12]
Missing character: There is no 列 in font [lmmono10-regular]:!
Missing character: There is no 至 in font [lmmono10-regular]:!
Missing character: There is no 列 in font [lmmono10-regular]:!
Missing character: There is no 至 in font [lmmono10-regular]:!
Missing character: There is no 列 in font [lmmono10-regular]:!
Missing character: There is no 至 in font [lmmono10-regular]:!
Missing character: There is no 列 in font [lmmono10-regular]:!
Missing character: There is no 至 in font [lmmono10-regular]:!
Missing character: There is no 列 in font [lmmono10-regular]:!
Missing character: There is no 至 in font [lmmono10-regular]:!
Missing character: There is no 列 in font [lmmono10-regular]:!
Missing character: There is no 至 in font [lmmono10-regular]:!
Missing character: There is no 列 in font [lmmono10-regular]:!
Missing character: There is no 至 in font [lmmono10-regular]:!
Missing character: There is no 列 in font [lmmono10-regular]:!
Missing character: There is no 至 in font [lmmono10-regular]:!
Missing character: There is no 列 in font [lmmono10-regular]:!
Missing character: There is no 至 in font [lmmono10-regular]:!
Missing character: There is no 列 in font [lmmono10-regular]:!
Missing character: There is no 至 in font [lmmono10-regular]:!
Missing character: There is no 列 in font [lmmono10-regular]:!
Missing character: There is no 至 in font [lmmono10-regular]:!
Missing character: There is no 列 in font [lmmono10-regular]:!
Missing character: There is no 至 in font [lmmono10-regular]:!
 [13]
Missing character: There is no 列 in font [lmmono10-regular]:!
Missing character: There is no 至 in font [lmmono10-regular]:!
Missing character: There is no 列 in font [lmmono10-regular]:!
Missing character: There is no 至 in font [lmmono10-regular]:!
Missing character: There is no 列 in font [lmmono10-regular]:!
Missing character: There is no 至 in font [lmmono10-regular]:!
Missing character: There is no 列 in font [lmmono10-regular]:!
Missing character: There is no 至 in font [lmmono10-regular]:!
Missing character: There is no 列 in font [lmmono10-regular]:!
Missing character: There is no 至 in font [lmmono10-regular]:!
Missing character: There is no 列 in font [lmmono10-regular]:!
Missing character: There is no 至 in font [lmmono10-regular]:!
Missing character: There is no 列 in font [lmmono10-regular]:!
File: main_05.eps Graphic file (type eps)
<main_05.eps>
 [14]
Overfull \hbox (17.25pt too wide) in paragraph at lines 597--597
[]\TU/lmtt/m/n/10 trape_5_3_res=cellfun(@nnl_mptrapeint,{[0,2*pi],[0,2*pi],[0,2*pi],...[] 
 []


Overfull \hbox (17.25pt too wide) in paragraph at lines 597--597
[]    \TU/lmtt/m/n/10 [0,2*pi],[0,2*pi]},points_n_5_3,{f_5_3,f_5_3,f_5_3,f_5_3,f_5_3});[] 
 []


Overfull \hbox (38.25pt too wide) in paragraph at lines 597--597
[]\TU/lmtt/m/n/10 simpson_5_3_res=cellfun(@nnl_mpsimpsonint,{[0,2*pi],[0,2*pi],[0,2*pi],...[] 
 []


Overfull \hbox (17.25pt too wide) in paragraph at lines 597--597
[]    \TU/lmtt/m/n/10 [0,2*pi],[0,2*pi]},points_n_5_3,{f_5_3,f_5_3,f_5_3,f_5_3,f_5_3});[] 
 []


Overfull \hbox (6.75pt too wide) in paragraph at lines 597--597
[]\TU/lmtt/m/n/10 exact_res_5_3=double(subs(fi_5_3_sym,x,2*pi)-subs(fi_5_3_sym,x,0));[] 
 []

File: main_06.eps Graphic file (type eps)
<main_06.eps>
[15]
Overfull \hbox (17.25pt too wide) in paragraph at lines 636--636
[]\TU/lmtt/m/n/10 clse_j=cellfun(@nnl_clseuler,{0,0,0},step_6_1,{[1,2],[1,2],[1,2]},...[] 
 []


Overfull \hbox (12.0pt too wide) in paragraph at lines 636--636
[]\TU/lmtt/m/n/10 adv_j=cellfun(@nnl_adveuler,{0,0,0},step_6_1,{[1,2],[1,2],[1,2]},...[] 
 []

[16]
File: main_07.eps Graphic file (type eps)
<main_07.eps>

Overfull \hbox (54.0pt too wide) in paragraph at lines 653--653
[]\TU/lmtt/m/n/10 disp("ANSVWER 12:========================================================");[] 
 []


Overfull \hbox (6.75pt too wide) in paragraph at lines 658--658
[]\TU/lmtt/m/n/10 ANSVWER 12:======================================================== 
 []

[17]
Overfull \hbox (54.0pt too wide) in paragraph at lines 676--676
[]\TU/lmtt/m/n/10 disp("ANSVWER 17:========================================================");[] 
 []


Overfull \hbox (6.75pt too wide) in paragraph at lines 687--687
[]\TU/lmtt/m/n/10 ANSVWER 17:======================================================== 
 []

Missing character: There is no 列 in font [lmmono10-regular]:!
Missing character: There is no 至 in font [lmmono10-regular]:!
Missing character: There is no 列 in font [lmmono10-regular]:!
Missing character: There is no 至 in font [lmmono10-regular]:!

Overfull \hbox (38.25pt too wide) in paragraph at lines 701--701
[]    \TU/lmtt/m/n/10 y_15=[y_15,1/2+1/sqrt(2*pi)*nnl_mpsimpsonint([0,vark],100,f_15_int)];[] 
 []


Overfull \hbox (54.0pt too wide) in paragraph at lines 701--701
[]\TU/lmtt/m/n/10 disp("ANSVWER 15:========================================================");[] 
 []


Overfull \hbox (6.75pt too wide) in paragraph at lines 744--744
[]\TU/lmtt/m/n/10 ANSVWER 15:======================================================== 
 []

Missing character: There is no 列 in font [lmmono10-regular]:!
Missing character: There is no 至 in font [lmmono10-regular]:!
Missing character: There is no 列 in font [lmmono10-regular]:!
Missing character: There is no 至 in font [lmmono10-regular]:!
Missing character: There is no 列 in font [lmmono10-regular]:!
Missing character: There is no 至 in font [lmmono10-regular]:!
[18]
Missing character: There is no 列 in font [lmmono10-regular]:!
Missing character: There is no 至 in font [lmmono10-regular]:!
Missing character: There is no 列 in font [lmmono10-regular]:!
Missing character: There is no 至 in font [lmmono10-regular]:!
Missing character: There is no 列 in font [lmmono10-regular]:!
Missing character: There is no 至 in font [lmmono10-regular]:!
Missing character: There is no 列 in font [lmmono10-regular]:!
Missing character: There is no 至 in font [lmmono10-regular]:!
Missing character: There is no 列 in font [lmmono10-regular]:!
Missing character: There is no 至 in font [lmmono10-regular]:!
Missing character: There is no 列 in font [lmmono10-regular]:!
Missing character: There is no 至 in font [lmmono10-regular]:!
Missing character: There is no 列 in font [lmmono10-regular]:!
Missing character: There is no 至 in font [lmmono10-regular]:!
 [19] (./main.aux) ) 
Here is how much of TeX's memory you used:
 979 strings out of 477220
 16377 string characters out of 5832721
 320681 words of memory out of 5000000
 20717 multiletter control sequences out of 15000+600000
 406206 words of font info for 41 fonts, out of 8000000 for 9000
 1348 hyphenation exceptions out of 8191
 68i,5n,74p,199b,269s stack positions out of 5000i,500n,10000p,200000b,80000s

Output written on main.xdv (19 pages, 155068 bytes).
